<?xml version="1.0" encoding="UTF-8"?>
<testng-results skipped="0" failed="0" ignored="0" total="1" passed="1">
  <reporter-output>
  </reporter-output>
  <suite name="Default suite" duration-ms="11768" started-at="2022-10-09T01:33:00Z" finished-at="2022-10-09T01:33:12Z">
    <groups>
    </groups>
    <test name="Default test" duration-ms="11768" started-at="2022-10-09T01:33:00Z" finished-at="2022-10-09T01:33:12Z">
      <class name="Testng1.testng1">
        <test-method status="PASS" signature="init()[pri:0, instance:Testng1.testng1@cb5822]" name="init" is-config="true" duration-ms="7176" started-at="2022-10-08T20:33:00Z" finished-at="2022-10-08T20:33:07Z">
          <reporter-output>
          </reporter-output>
        </test-method> <!-- init -->
        <test-method status="PASS" signature="login()[pri:0, instance:Testng1.testng1@cb5822]" name="login" duration-ms="2629" started-at="2022-10-08T20:33:07Z" finished-at="2022-10-08T20:33:10Z">
          <reporter-output>
          </reporter-output>
        </test-method> <!-- login -->
        <test-method status="PASS" signature="adddetails()[pri:0, instance:Testng1.testng1@cb5822]" name="adddetails" is-config="true" duration-ms="1959" started-at="2022-10-08T20:33:10Z" finished-at="2022-10-08T20:33:12Z">
          <reporter-output>
          </reporter-output>
        </test-method> <!-- adddetails -->
      </class> <!-- Testng1.testng1 -->
    </test> <!-- Default test -->
  </suite> <!-- Default suite -->
</testng-results>
